Build log Sat 07/04/2026 19:07:33.00 
===== Compiling src/bullet.cpp ===== 
src/bullet.cpp:1:9: warning: '#pragma once' in main file [-Wpragma-once-outside-header]
    1 | #pragma once
      |         ^~~~
===== Compiling src/bulletInteraction.cpp ===== 
src/bulletInteraction.cpp:1:9: warning: 'SFML_STATIC' redefined
    1 | #define SFML_STATIC
      |         ^~~~~~~~~~~
<command-line>: note: this is the location of the previous definition
In file included from src/../include/map.h:8,
                 from src/../include/bulletInteraction.h:3,
                 from src/bulletInteraction.cpp:2:
src/../include/tile.h: In constructor 'Tile::Tile()':
src/../include/tile.h:26:10: warning: 'Tile::walkable' will be initialized after [-Wreorder]
   26 |     bool walkable;
      |          ^~~~~~~~
src/../include/tile.h:21:9: warning:   'int Tile::posX' [-Wreorder]
   21 |     int posX, posY;
      |         ^~~~
src/../include/tile.h:34:5: warning:   when initialized here [-Wreorder]
   34 |     Tile() : walkable(false), posX(0), posY(0) {}
      |     ^~~~
src/bulletInteraction.cpp: In member function 'void BulletInteraction::interact()':
src/bulletInteraction.cpp:16:10: warning: unused variable 'playBulletBubbleSound' [-Wunused-variable]
   16 |     bool playBulletBubbleSound = false;
      |          ^~~~~~~~~~~~~~~~~~~~~
src/bulletInteraction.cpp:17:10: warning: unused variable 'playBulletHitSound' [-Wunused-variable]
   17 |     bool playBulletHitSound = false;
      |          ^~~~~~~~~~~~~~~~~~
src/bulletInteraction.cpp:34:9: warning: unused variable 'lX' [-Wunused-variable]
   34 |     int lX =  lastBulletGridPosX;
      |         ^~
src/bulletInteraction.cpp:35:9: warning: unused variable 'lY' [-Wunused-variable]
   35 |     int lY =  lastBulletGridPosY;
      |         ^~
===== Compiling src/extractMatrix.cpp ===== 
===== Compiling src/gameLostWindow.cpp ===== 
===== Compiling src/gameWonWindow.cpp ===== 
===== Compiling src/getScores.cpp ===== 
===== Compiling src/inputManager.cpp ===== 
===== Compiling src/loadSound.cpp ===== 
src/loadSound.cpp:1:9: warning: 'SFML_STATIC' redefined
    1 | #define SFML_STATIC
      |         ^~~~~~~~~~~
<command-line>: note: this is the location of the previous definition
===== Compiling src/loadTextures.cpp ===== 
===== Compiling src/main.cpp ===== 
===== Compiling src/map.cpp ===== 
In file included from src/../include/map.h:8,
                 from src/map.cpp:1:
src/../include/tile.h: In constructor 'Tile::Tile()':
src/../include/tile.h:26:10: warning: 'Tile::walkable' will be initialized after [-Wreorder]
   26 |     bool walkable;
      |          ^~~~~~~~
src/../include/tile.h:21:9: warning:   'int Tile::posX' [-Wreorder]
   21 |     int posX, posY;
      |         ^~~~
src/../include/tile.h:34:5: warning:   when initialized here [-Wreorder]
   34 |     Tile() : walkable(false), posX(0), posY(0) {}
      |     ^~~~
In file included from src/map.cpp:12:
src/../include/tank1.h: In member function 'void EnemyTank1::switchFrame(int)':
src/../include/tank1.h:77:13: warning: unused variable 'codeTexture' [-Wunused-variable]
   77 |         int codeTexture = 12 - dir;
      |             ^~~~~~~~~~~
src/map.cpp: In member function 'virtual void Map::draw(sf::RenderTarget&, sf::RenderStates) const':
src/map.cpp:101:23: warning: comparison of integer expressions of different signedness: 'int' and 'std::vector<std::vector<std::unique_ptr<Tile> > >::size_type' {aka 'unsigned int'} [-Wsign-compare]
  101 |     for (int y = 0; y < tiles.size(); y++) {
      |                     ~~^~~~~~~~~~~~~~
src/map.cpp:102:27: warning: comparison of integer expressions of different signedness: 'int' and 'std::vector<std::unique_ptr<Tile> >::size_type' {aka 'unsigned int'} [-Wsign-compare]
  102 |         for (int x = 0; x < tiles[y].size(); x++) {
      |                         ~~^~~~~~~~~~~~~~~~~
In file included from src/map.cpp:14:
src/../include/transportTrack.h: In member function 'virtual PlayerTileSignal TransportTrack::sendSignal() const':
src/../include/transportTrack.h:33:5: warning: control reaches end of non-void function [-Wreturn-type]
   33 |     }
      |     ^
===== Compiling src/paddingGame.cpp ===== 
===== Compiling src/player.cpp ===== 
In file included from src/../include/map.h:8,
                 from src/../include/player.h:8,
                 from src/player.cpp:1:
src/../include/tile.h: In constructor 'Tile::Tile()':
src/../include/tile.h:26:10: warning: 'Tile::walkable' will be initialized after [-Wreorder]
   26 |     bool walkable;
      |          ^~~~~~~~
src/../include/tile.h:21:9: warning:   'int Tile::posX' [-Wreorder]
   21 |     int posX, posY;
      |         ^~~~
src/../include/tile.h:34:5: warning:   when initialized here [-Wreorder]
   34 |     Tile() : walkable(false), posX(0), posY(0) {}
      |     ^~~~
src/../include/player.h: In constructor 'Tank::Tank(int, int, int, int)':
src/../include/player.h:94:22: warning: 'Tank::windowSizeY' will be initialized after [-Wreorder]
   94 |     int windowSizeX, windowSizeY;
      |                      ^~~~~~~~~~~
src/../include/player.h:74:30: warning:   'std::vector<PlayerState> Tank::playerStates' [-Wreorder]
   74 |     std::vector<PlayerState> playerStates;
      |                              ^~~~~~~~~~~~
src/player.cpp:5:1: warning:   when initialized here [-Wreorder]
    5 | Tank::Tank(int gridPosX, int gridPosY, int windowSizeX, int windowSizeY)
      | ^~~~
src/player.cpp:10:31: warning: member 'Tank::dir' is used uninitialized [-Wuninitialized]
   10 |     playerStates({PlayerState{dir, sf::Vector2i(gridPosX, gridPosY)}})
      |                               ^~~
src/player.cpp: In member function 'void Tank::fireBullet()':
src/player.cpp:108:10: warning: variable 'tankSize' set but not used [-Wunused-but-set-variable]
  108 |     auto tankSize = tankImg.getSize();
      |          ^~~~~~~~
src/player.cpp: In member function 'bool Tank::deleteOrMoveAdjBlockIfExists(Map&)':
src/player.cpp:148:9: warning: unused variable 'code' [-Wunused-variable]
  148 |     int code = tileMap.getTileMapInt()[newY][newX];
      |         ^~~~
In file included from SFML-2.6.2/include/SFML/System/Vector2.hpp:250,
                 from SFML-2.6.2/include/SFML/System.hpp:48,
                 from SFML-2.6.2/include/SFML/Window.hpp:32,
                 from SFML-2.6.2/include/SFML/Graphics.hpp:32,
                 from src/../include/player.h:2:
In constructor 'sf::Vector2<T>::Vector2(T, T) [with T = float]',
    inlined from 'void Tank::fireBullet()' at src/player.cpp:116:72:
SFML-2.6.2/include/SFML/System/Vector2.inl:39:1: warning: 'bulletStartPosX' may be used uninitialized [-Wmaybe-uninitialized]
   39 | x(X),
      | ^~~~
src/player.cpp: In member function 'void Tank::fireBullet()':
src/player.cpp:109:11: note: 'bulletStartPosX' was declared here
  109 |     float bulletStartPosX, bulletStartPosY;
      |           ^~~~~~~~~~~~~~~
In constructor 'sf::Vector2<T>::Vector2(T, T) [with T = float]',
    inlined from 'void Tank::fireBullet()' at src/player.cpp:116:72:
SFML-2.6.2/include/SFML/System/Vector2.inl:40:1: warning: 'bulletStartPosY' may be used uninitialized [-Wmaybe-uninitialized]
   40 | y(Y)
      | ^~~~
src/player.cpp: In member function 'void Tank::fireBullet()':
src/player.cpp:109:28: note: 'bulletStartPosY' was declared here
  109 |     float bulletStartPosX, bulletStartPosY;
      |                            ^~~~~~~~~~~~~~~
===== Compiling src/playerInteraction.cpp ===== 
In file included from src/../include/map.h:8,
                 from src/../include/playerInteraction.h:3,
                 from src/playerInteraction.cpp:1:
src/../include/tile.h: In constructor 'Tile::Tile()':
src/../include/tile.h:26:10: warning: 'Tile::walkable' will be initialized after [-Wreorder]
   26 |     bool walkable;
      |          ^~~~~~~~
src/../include/tile.h:21:9: warning:   'int Tile::posX' [-Wreorder]
   21 |     int posX, posY;
      |         ^~~~
src/../include/tile.h:34:5: warning:   when initialized here [-Wreorder]
   34 |     Tile() : walkable(false), posX(0), posY(0) {}
      |     ^~~~
src/playerInteraction.cpp: In member function 'void PlayerInteraction::handleMovement()':
src/playerInteraction.cpp:44:5: warning: 'newDir' may be used uninitialized [-Wmaybe-uninitialized]
   44 |     if (newDir != dir) {
      |     ^~
src/playerInteraction.cpp:34:15: note: 'newDir' was declared here
   34 |     Direction newDir;
      |               ^~~~~~
===== Compiling src/pullFromLevelsFromServer.cpp ===== 
===== Compiling src/sendToServer.cpp ===== 
===== Compiling src/sfmlUi.cpp ===== 
===== Compiling src/sfmlWeb.cpp ===== 
src/sfmlWeb.cpp: In function 'void sendScore(const std::string&, int, int)':
src/sfmlWeb.cpp:40:14: warning: unused variable 'res' [-Wunused-variable]
   40 |     CURLcode res = curl_easy_perform(curl);
      |              ^~~
===== Compiling src/textureFactory.cpp ===== 
===== Compiling src/textures.cpp ===== 
===== Compiling src/tile.cpp ===== 
In file included from src/tile.cpp:1:
src/../include/tile.h: In constructor 'Tile::Tile()':
src/../include/tile.h:26:10: warning: 'Tile::walkable' will be initialized after [-Wreorder]
   26 |     bool walkable;
      |          ^~~~~~~~
src/../include/tile.h:21:9: warning:   'int Tile::posX' [-Wreorder]
   21 |     int posX, posY;
      |         ^~~~
src/../include/tile.h:34:5: warning:   when initialized here [-Wreorder]
   34 |     Tile() : walkable(false), posX(0), posY(0) {}
      |     ^~~~
===== Compiling src/tileFactory.cpp ===== 
In file included from src/../include/walkableGround.h:3,
                 from src/../include/tileFactory.h:3,
                 from src/tileFactory.cpp:1:
src/../include/tile.h: In constructor 'Tile::Tile()':
src/../include/tile.h:26:10: warning: 'Tile::walkable' will be initialized after [-Wreorder]
   26 |     bool walkable;
      |          ^~~~~~~~
src/../include/tile.h:21:9: warning:   'int Tile::posX' [-Wreorder]
   21 |     int posX, posY;
      |         ^~~~
src/../include/tile.h:34:5: warning:   when initialized here [-Wreorder]
   34 |     Tile() : walkable(false), posX(0), posY(0) {}
      |     ^~~~
In file included from src/../include/tileFactory.h:10:
src/../include/tank1.h: In member function 'void EnemyTank1::switchFrame(int)':
src/../include/tank1.h:77:13: warning: unused variable 'codeTexture' [-Wunused-variable]
   77 |         int codeTexture = 12 - dir;
      |             ^~~~~~~~~~~
In file included from src/../include/tileFactory.h:13:
src/../include/transportTrack.h: In member function 'virtual PlayerTileSignal TransportTrack::sendSignal() const':
src/../include/transportTrack.h:33:5: warning: control reaches end of non-void function [-Wreturn-type]
   33 |     }
      |     ^
===== Compiling src/game/bulletManager.cpp ===== 
In file included from src/game/../../include/map.h:8,
                 from src/game/../../include/player.h:8,
                 from src/game/bulletManager.h:5,
                 from src/game/bulletManager.cpp:1:
src/game/../../include/tile.h: In constructor 'Tile::Tile()':
src/game/../../include/tile.h:26:10: warning: 'Tile::walkable' will be initialized after [-Wreorder]
   26 |     bool walkable;
      |          ^~~~~~~~
src/game/../../include/tile.h:21:9: warning:   'int Tile::posX' [-Wreorder]
   21 |     int posX, posY;
      |         ^~~~
src/game/../../include/tile.h:34:5: warning:   when initialized here [-Wreorder]
   34 |     Tile() : walkable(false), posX(0), posY(0) {}
      |     ^~~~
===== Compiling src/game/enemyManager.cpp ===== 
In file included from src/game/../../include/map.h:8,
                 from src/game/enemyManager.h:2,
                 from src/game/enemyManager.cpp:1:
src/game/../../include/tile.h: In constructor 'Tile::Tile()':
src/game/../../include/tile.h:26:10: warning: 'Tile::walkable' will be initialized after [-Wreorder]
   26 |     bool walkable;
      |          ^~~~~~~~
src/game/../../include/tile.h:21:9: warning:   'int Tile::posX' [-Wreorder]
   21 |     int posX, posY;
      |         ^~~~
src/game/../../include/tile.h:34:5: warning:   when initialized here [-Wreorder]
   34 |     Tile() : walkable(false), posX(0), posY(0) {}
      |     ^~~~
===== Compiling src/game/GameLoop.cpp ===== 
In file included from src/game/../../include/map.h:8,
                 from src/game/../../include/player.h:8,
                 from src/game/gameLoop.h:5,
                 from src/game/GameLoop.cpp:1:
src/game/../../include/tile.h: In constructor 'Tile::Tile()':
src/game/../../include/tile.h:26:10: warning: 'Tile::walkable' will be initialized after [-Wreorder]
   26 |     bool walkable;
      |          ^~~~~~~~
src/game/../../include/tile.h:21:9: warning:   'int Tile::posX' [-Wreorder]
   21 |     int posX, posY;
      |         ^~~~
src/game/../../include/tile.h:34:5: warning:   when initialized here [-Wreorder]
   34 |     Tile() : walkable(false), posX(0), posY(0) {}
      |     ^~~~
===== Compiling src/game/gameStateChecker.cpp ===== 
In file included from src/game/../../include/map.h:8,
                 from src/game/../../include/player.h:8,
                 from src/game/gameStateChecker.h:2,
                 from src/game/gameStateChecker.cpp:1:
src/game/../../include/tile.h: In constructor 'Tile::Tile()':
src/game/../../include/tile.h:26:10: warning: 'Tile::walkable' will be initialized after [-Wreorder]
   26 |     bool walkable;
      |          ^~~~~~~~
src/game/../../include/tile.h:21:9: warning:   'int Tile::posX' [-Wreorder]
   21 |     int posX, posY;
      |         ^~~~
src/game/../../include/tile.h:34:5: warning:   when initialized here [-Wreorder]
   34 |     Tile() : walkable(false), posX(0), posY(0) {}
      |     ^~~~
===== Compiling src/game/inputHandler.cpp ===== 
In file included from src/game/../../include/map.h:8,
                 from src/game/../../include/player.h:8,
                 from src/game/inputHandler.h:3,
                 from src/game/inputHandler.cpp:1:
src/game/../../include/tile.h: In constructor 'Tile::Tile()':
src/game/../../include/tile.h:26:10: warning: 'Tile::walkable' will be initialized after [-Wreorder]
   26 |     bool walkable;
      |          ^~~~~~~~
src/game/../../include/tile.h:21:9: warning:   'int Tile::posX' [-Wreorder]
   21 |     int posX, posY;
      |         ^~~~
src/game/../../include/tile.h:34:5: warning:   when initialized here [-Wreorder]
   34 |     Tile() : walkable(false), posX(0), posY(0) {}
      |     ^~~~
===== Compiling src/game/MainGame.cpp ===== 
In file included from src/game/MainGame.cpp:1:
src/game/mainGame.h:2:9: warning: 'SFML_STATIC' redefined
    2 | #define SFML_STATIC
      |         ^~~~~~~~~~~
<command-line>: note: this is the location of the previous definition
In file included from src/game/../../include/map.h:8,
                 from src/game/../../include/player.h:8,
                 from src/game/mainGame.h:9:
src/game/../../include/tile.h: In constructor 'Tile::Tile()':
src/game/../../include/tile.h:26:10: warning: 'Tile::walkable' will be initialized after [-Wreorder]
   26 |     bool walkable;
      |          ^~~~~~~~
src/game/../../include/tile.h:21:9: warning:   'int Tile::posX' [-Wreorder]
   21 |     int posX, posY;
      |         ^~~~
src/game/../../include/tile.h:34:5: warning:   when initialized here [-Wreorder]
   34 |     Tile() : walkable(false), posX(0), posY(0) {}
      |     ^~~~
===== Compiling src/game/renderer.cpp ===== 
In file included from src/game/../../include/map.h:8,
                 from src/game/renderer.h:3,
                 from src/game/renderer.cpp:1:
src/game/../../include/tile.h: In constructor 'Tile::Tile()':
src/game/../../include/tile.h:26:10: warning: 'Tile::walkable' will be initialized after [-Wreorder]
   26 |     bool walkable;
      |          ^~~~~~~~
src/game/../../include/tile.h:21:9: warning:   'int Tile::posX' [-Wreorder]
   21 |     int posX, posY;
      |         ^~~~
src/game/../../include/tile.h:34:5: warning:   when initialized here [-Wreorder]
   34 |     Tile() : walkable(false), posX(0), posY(0) {}
      |     ^~~~
===== Compiling src/game/undoManager.cpp ===== 
In file included from src/game/../../include/map.h:8,
                 from src/game/../../include/player.h:8,
                 from src/game/undoManager.h:4,
                 from src/game/undoManager.cpp:1:
src/game/../../include/tile.h: In constructor 'Tile::Tile()':
src/game/../../include/tile.h:26:10: warning: 'Tile::walkable' will be initialized after [-Wreorder]
   26 |     bool walkable;
      |          ^~~~~~~~
src/game/../../include/tile.h:21:9: warning:   'int Tile::posX' [-Wreorder]
   21 |     int posX, posY;
      |         ^~~~
src/game/../../include/tile.h:34:5: warning:   when initialized here [-Wreorder]
   34 |     Tile() : walkable(false), posX(0), posY(0) {}
      |     ^~~~
===== Compiling src/network/levelDownloader.cpp ===== 
===== Compiling src/utils/fileUtils.cpp ===== 
===== Compiling src/application/application.cpp ===== 
In file included from src/application/application.cpp:8:
src/application/../game/mainGame.h:2:9: warning: 'SFML_STATIC' redefined
    2 | #define SFML_STATIC
      |         ^~~~~~~~~~~
<command-line>: note: this is the location of the previous definition
In file included from src/application/../../include/mainMenu/../walkableGround.h:3,
                 from src/application/../../include/mainMenu/editor.h:13,
                 from src/application/../../include/mainMenu/mainMenu.h:8,
                 from src/application/application.cpp:4:
src/application/../../include/mainMenu/../tile.h: In constructor 'Tile::Tile()':
src/application/../../include/mainMenu/../tile.h:26:10: warning: 'Tile::walkable' will be initialized after [-Wreorder]
   26 |     bool walkable;
      |          ^~~~~~~~
src/application/../../include/mainMenu/../tile.h:21:9: warning:   'int Tile::posX' [-Wreorder]
   21 |     int posX, posY;
      |         ^~~~
src/application/../../include/mainMenu/../tile.h:34:5: warning:   when initialized here [-Wreorder]
   34 |     Tile() : walkable(false), posX(0), posY(0) {}
      |     ^~~~
In file included from src/application/../../include/mainMenu/editor.h:23:
src/application/../../include/mainMenu/../tank1.h: In member function 'void EnemyTank1::switchFrame(int)':
src/application/../../include/mainMenu/../tank1.h:77:13: warning: unused variable 'codeTexture' [-Wunused-variable]
   77 |         int codeTexture = 12 - dir;
      |             ^~~~~~~~~~~
In file included from src/application/../../include/mainMenu/mainMenu.h:10:
src/application/../../include/mainMenu/level.h: In member function 'int Level::openMenuWindow()':
src/application/../../include/mainMenu/level.h:67:26: warning: unused variable 't' [-Wunused-variable]
   67 |                     bool t = false;
      |                          ^
src/application/../../include/mainMenu/level.h:73:39: warning: comparison of integer expressions of different signedness: 'int' and 'std::vector<sf::RectangleShape>::size_type' {aka 'unsigned int'} [-Wsign-compare]
   73 |                     for (int i = 0; i < levelButtons.size(); ++i) {
      |                                     ~~^~~~~~~~~~~~~~~~~~~~~
src/application/../../include/mainMenu/level.h: In constructor 'Level::Level(int, int, int)':
src/application/../../include/mainMenu/level.h:17:9: warning: 'Level::menuSizeY' will be initialized after [-Wreorder]
   17 |     int menuSizeY;
      |         ^~~~~~~~~
src/application/../../include/mainMenu/level.h:15:9: warning:   'int Level::levelCount' [-Wreorder]
   15 |     int levelCount;
      |         ^~~~~~~~~~
src/application/../../include/mainMenu/level.h:137:5: warning:   when initialized here [-Wreorder]
  137 |     Level(int menuWinSizeX, int menuWinSizeY, int levelCount)
      |     ^~~~~
src/application/application.cpp: In member function 'int Application::run()':
src/application/application.cpp:39:10: warning: variable 'wonLastLevel' set but not used [-Wunused-but-set-variable]
   39 |     bool wonLastLevel = false;
      |          ^~~~~~~~~~~~
In file included from src/application/../../include/mainMenu/editor.h:25:
src/application/../../include/mainMenu/../transportTrack.h: In member function 'virtual PlayerTileSignal TransportTrack::sendSignal() const':
src/application/../../include/mainMenu/../transportTrack.h:33:5: warning: control reaches end of non-void function [-Wreturn-type]
   33 |     }
      |     ^
===== Compiling include/mainMenu/editor.cpp ===== 
In file included from include/mainMenu/../walkableGround.h:3,
                 from include/mainMenu/editor.h:13,
                 from include/mainMenu/editor.cpp:1:
include/mainMenu/../tile.h: In constructor 'Tile::Tile()':
include/mainMenu/../tile.h:26:10: warning: 'Tile::walkable' will be initialized after [-Wreorder]
   26 |     bool walkable;
      |          ^~~~~~~~
include/mainMenu/../tile.h:21:9: warning:   'int Tile::posX' [-Wreorder]
   21 |     int posX, posY;
      |         ^~~~
include/mainMenu/../tile.h:34:5: warning:   when initialized here [-Wreorder]
   34 |     Tile() : walkable(false), posX(0), posY(0) {}
      |     ^~~~
In file included from include/mainMenu/editor.h:23:
include/mainMenu/../tank1.h: In member function 'void EnemyTank1::switchFrame(int)':
include/mainMenu/../tank1.h:77:13: warning: unused variable 'codeTexture' [-Wunused-variable]
   77 |         int codeTexture = 12 - dir;
      |             ^~~~~~~~~~~
In file included from include/mainMenu/editor.h:25:
include/mainMenu/../transportTrack.h: In member function 'virtual PlayerTileSignal TransportTrack::sendSignal() const':
include/mainMenu/../transportTrack.h:33:5: warning: control reaches end of non-void function [-Wreturn-type]
   33 |     }
      |     ^
===== Compiling include/mainMenu/generateAItile.cpp ===== 
===== Compiling include/mainMenu/mainMenu.cpp ===== 
In file included from include/mainMenu/../walkableGround.h:3,
                 from include/mainMenu/editor.h:13,
                 from include/mainMenu/MainMenu.h:8,
                 from include/mainMenu/mainMenu.cpp:1:
include/mainMenu/../tile.h: In constructor 'Tile::Tile()':
include/mainMenu/../tile.h:26:10: warning: 'Tile::walkable' will be initialized after [-Wreorder]
   26 |     bool walkable;
      |          ^~~~~~~~
include/mainMenu/../tile.h:21:9: warning:   'int Tile::posX' [-Wreorder]
   21 |     int posX, posY;
      |         ^~~~
include/mainMenu/../tile.h:34:5: warning:   when initialized here [-Wreorder]
   34 |     Tile() : walkable(false), posX(0), posY(0) {}
      |     ^~~~
In file included from include/mainMenu/editor.h:23:
include/mainMenu/../tank1.h: In member function 'void EnemyTank1::switchFrame(int)':
include/mainMenu/../tank1.h:77:13: warning: unused variable 'codeTexture' [-Wunused-variable]
   77 |         int codeTexture = 12 - dir;
      |             ^~~~~~~~~~~
In file included from include/mainMenu/MainMenu.h:10:
include/mainMenu/level.h: In member function 'int Level::openMenuWindow()':
include/mainMenu/level.h:67:26: warning: unused variable 't' [-Wunused-variable]
   67 |                     bool t = false;
      |                          ^
include/mainMenu/level.h:73:39: warning: comparison of integer expressions of different signedness: 'int' and 'std::vector<sf::RectangleShape>::size_type' {aka 'unsigned int'} [-Wsign-compare]
   73 |                     for (int i = 0; i < levelButtons.size(); ++i) {
      |                                     ~~^~~~~~~~~~~~~~~~~~~~~
include/mainMenu/level.h: In constructor 'Level::Level(int, int, int)':
include/mainMenu/level.h:17:9: warning: 'Level::menuSizeY' will be initialized after [-Wreorder]
   17 |     int menuSizeY;
      |         ^~~~~~~~~
include/mainMenu/level.h:15:9: warning:   'int Level::levelCount' [-Wreorder]
   15 |     int levelCount;
      |         ^~~~~~~~~~
include/mainMenu/level.h:137:5: warning:   when initialized here [-Wreorder]
  137 |     Level(int menuWinSizeX, int menuWinSizeY, int levelCount)
      |     ^~~~~
include/mainMenu/MainMenu.h: In constructor 'MainMenu::MainMenu(int)':
include/mainMenu/MainMenu.h:41:10: warning: 'MainMenu::level' will be initialized after [-Wreorder]
   41 |     int  level      = -1;
      |          ^~~~~
include/mainMenu/MainMenu.h:31:39: warning:   'std::unique_ptr<sf::RenderWindow> MainMenu::window' [-Wreorder]
   31 |     std::unique_ptr<sf::RenderWindow> window;
      |                                       ^~~~~~
include/mainMenu/mainMenu.cpp:4:1: warning:   when initialized here [-Wreorder]
    4 | MainMenu::MainMenu(int levelCount)
      | ^~~~~~~~
===== Compiling tinyxml2/tinyxml2.cpp ===== 
===== Linking LaserTank.exe ===== 
